This file contains any messages produced by compilers while
running configure, to aid debugging if configure makes a mistake.

It was created by sgminer configure 5.3.3, which was
generated by GNU Autoconf 2.69.  Invocation command line was

  $ ./configure --disable-git-version --disable-adl --prefix=/opt/sgminer-5.5.5

## --------- ##
## Platform. ##
## --------- ##

hostname = bh
uname -m = x86_64
uname -r = 4.10.0-35-generic
uname -s = Linux
uname -v = #39~16.04.1-Ubuntu SMP Wed Sep 13 09:02:42 UTC 2017

/usr/bin/uname -p = unknown
/bin/uname -X     = unknown

/bin/arch              = unknown
/usr/bin/arch -k       = unknown
/usr/convex/getsysinfo = unknown
/usr/bin/hostinfo      = unknown
/bin/machine           = unknown
/usr/bin/oslevel       = unknown
/bin/universe          = unknown

PATH: /home/bh/bin
PATH: /home/bh/.local/bin
PATH: /usr/local/sbin
PATH: /usr/local/bin
PATH: /usr/sbin
PATH: /usr/bin
PATH: /sbin
PATH: /bin
PATH: /usr/games
PATH: /usr/local/games
PATH: /snap/bin


## ----------- ##
## Core tests. ##
## ----------- ##

configure:2818: checking build system type
configure:2832: result: x86_64-pc-linux-gnu
configure:2852: checking host system type
configure:2865: result: x86_64-pc-linux-gnu
configure:2885: checking target system type
configure:2898: result: x86_64-pc-linux-gnu
configure:2946: checking for a BSD-compatible install
configure:3014: result: /usr/bin/install -c
configure:3025: checking whether build environment is sane
configure:3080: result: yes
configure:3231: checking for a thread-safe mkdir -p
configure:3270: result: /bin/mkdir -p
configure:3278: checking for gawk
configure:3308: result: no
configure:3278: checking for mawk
configure:3294: found /usr/bin/mawk
configure:3305: result: mawk
configure:3316: checking whether make sets $(MAKE)
configure:3338: result: yes
configure:3367: checking whether make supports nested variables
configure:3384: result: yes
configure:3521: checking whether make supports nested variables
configure:3538: result: yes
configure:3561: checking for style of include used by make
configure:3589: result: GNU
configure:3660: checking for gcc
configure:3676: found /usr/bin/gcc
configure:3687: result: gcc
configure:3916: checking for C compiler version
configure:3925: gcc --version >&5
gcc (Ubuntu 5.4.0-6ubuntu1~16.04.5) 5.4.0 20160609
Copyright (C) 2015 Free Software Foundation, Inc.
This is free software; see the source for copying conditions.  There is NO
warranty; not even for MERCHANTABILITY or FITNESS FOR A PARTICULAR PURPOSE.

configure:3936: $? = 0
configure:3925: gcc -v >&5
Using built-in specs.
COLLECT_GCC=gcc
COLLECT_LTO_WRAPPER=/usr/lib/gcc/x86_64-linux-gnu/5/lto-wrapper
Target: x86_64-linux-gnu
Configured with: ../src/configure -v --with-pkgversion='Ubuntu 5.4.0-6ubuntu1~16.04.5' --with-bugurl=file:///usr/share/doc/gcc-5/README.Bugs --enable-languages=c,ada,c++,java,go,d,fortran,objc,obj-c++ --prefix=/usr --program-suffix=-5 --enable-shared --enable-linker-build-id --libexecdir=/usr/lib --without-included-gettext --enable-threads=posix --libdir=/usr/lib --enable-nls --with-sysroot=/ --enable-clocale=gnu --enable-libstdcxx-debug --enable-libstdcxx-time=yes --with-default-libstdcxx-abi=new --enable-gnu-unique-object --disable-vtable-verify --enable-libmpx --enable-plugin --with-system-zlib --disable-browser-plugin --enable-java-awt=gtk --enable-gtk-cairo --with-java-home=/usr/lib/jvm/java-1.5.0-gcj-5-amd64/jre --enable-java-home --with-jvm-root-dir=/usr/lib/jvm/java-1.5.0-gcj-5-amd64 --with-jvm-jar-dir=/usr/lib/jvm-exports/java-1.5.0-gcj-5-amd64 --with-arch-directory=amd64 --with-ecj-jar=/usr/share/java/eclipse-ecj.jar --enable-objc-gc --enable-multiarch --disable-werror --with-arch-32=i686 --with-abi=m64 --with-multilib-list=m32,m64,mx32 --enable-multilib --with-tune=generic --enable-checking=release --build=x86_64-linux-gnu --host=x86_64-linux-gnu --target=x86_64-linux-gnu
Thread model: posix
gcc version 5.4.0 20160609 (Ubuntu 5.4.0-6ubuntu1~16.04.5) 
configure:3936: $? = 0
configure:3925: gcc -V >&5
gcc: error: unrecognized command line option '-V'
gcc: fatal error: no input files
compilation terminated.
configure:3936: $? = 1
configure:3925: gcc -qversion >&5
gcc: error: unrecognized command line option '-qversion'
gcc: fatal error: no input files
compilation terminated.
configure:3936: $? = 1
configure:3956: checking whether the C compiler works
configure:3978: gcc -Os -Wall -march=native -I/opt/AMDAPPSDK-3.0/include  -L/opt/amdgpu-pro/lib/x86_64-linux-gnu conftest.c  >&5
configure:3982: $? = 0
configure:4030: result: yes
configure:4033: checking for C compiler default output file name
configure:4035: result: a.out
configure:4041: checking for suffix of executables
configure:4048: gcc -o conftest -Os -Wall -march=native -I/opt/AMDAPPSDK-3.0/include  -L/opt/amdgpu-pro/lib/x86_64-linux-gnu conftest.c  >&5
configure:4052: $? = 0
configure:4074: result: 
configure:4096: checking whether we are cross compiling
configure:4104: gcc -o conftest -Os -Wall -march=native -I/opt/AMDAPPSDK-3.0/include  -L/opt/amdgpu-pro/lib/x86_64-linux-gnu conftest.c  >&5
configure:4108: $? = 0
configure:4115: ./conftest
configure:4119: $? = 0
configure:4134: result: no
configure:4139: checking for suffix of object files
configure:4161: gcc -c -Os -Wall -march=native -I/opt/AMDAPPSDK-3.0/include  conftest.c >&5
configure:4165: $? = 0
configure:4186: result: o
configure:4190: checking whether we are using the GNU C compiler
configure:4209: gcc -c -Os -Wall -march=native -I/opt/AMDAPPSDK-3.0/include  conftest.c >&5
configure:4209: $? = 0
configure:4218: result: yes
configure:4227: checking whether gcc accepts -g
configure:4247: gcc -c -g  conftest.c >&5
configure:4247: $? = 0
configure:4288: result: yes
configure:4305: checking for gcc option to accept ISO C89
configure:4368: gcc  -c -Os -Wall -march=native -I/opt/AMDAPPSDK-3.0/include  conftest.c >&5
configure:4368: $? = 0
configure:4381: result: none needed
configure:4406: checking whether gcc understands -c and -o together
configure:4428: gcc -c conftest.c -o conftest2.o
configure:4431: $? = 0
configure:4428: gcc -c conftest.c -o conftest2.o
configure:4431: $? = 0
configure:4443: result: yes
configure:4462: checking dependency style of gcc
configure:4573: result: gcc3
configure:4594: checking how to run the C preprocessor
configure:4625: gcc -E  conftest.c
configure:4625: $? = 0
configure:4639: gcc -E  conftest.c
conftest.c:11:28: fatal error: ac_nonexistent.h: No such file or directory
compilation terminated.
configure:4639: $? = 1
configure: failed program was:
| /* confdefs.h */
| #define PACKAGE_NAME "sgminer"
| #define PACKAGE_TARNAME "sgminer"
| #define PACKAGE_VERSION "5.3.3"
| #define PACKAGE_STRING "sgminer 5.3.3"
| #define PACKAGE_BUGREPORT "veox@wemakethings.net"
| #define PACKAGE_URL "https://github.com/tpruvot/sgminer"
| #define PACKAGE "sgminer"
| #define VERSION "5.3.3"
| /* end confdefs.h.  */
| #include <ac_nonexistent.h>
configure:4664: result: gcc -E
configure:4684: gcc -E  conftest.c
configure:4684: $? = 0
configure:4698: gcc -E  conftest.c
conftest.c:11:28: fatal error: ac_nonexistent.h: No such file or directory
compilation terminated.
configure:4698: $? = 1
configure: failed program was:
| /* confdefs.h */
| #define PACKAGE_NAME "sgminer"
| #define PACKAGE_TARNAME "sgminer"
| #define PACKAGE_VERSION "5.3.3"
| #define PACKAGE_STRING "sgminer 5.3.3"
| #define PACKAGE_BUGREPORT "veox@wemakethings.net"
| #define PACKAGE_URL "https://github.com/tpruvot/sgminer"
| #define PACKAGE "sgminer"
| #define VERSION "5.3.3"
| /* end confdefs.h.  */
| #include <ac_nonexistent.h>
configure:4727: checking for grep that handles long lines and -e
configure:4785: result: /bin/grep
configure:4790: checking for egrep
configure:4852: result: /bin/grep -E
configure:4857: checking for ANSI C header files
configure:4877: gcc -c -Os -Wall -march=native -I/opt/AMDAPPSDK-3.0/include  conftest.c >&5
configure:4877: $? = 0
configure:4950: gcc -o conftest -Os -Wall -march=native -I/opt/AMDAPPSDK-3.0/include  -L/opt/amdgpu-pro/lib/x86_64-linux-gnu conftest.c  >&5
configure:4950: $? = 0
configure:4950: ./conftest
configure:4950: $? = 0
configure:4961: result: yes
configure:4974: checking for sys/types.h
configure:4974: gcc -c -Os -Wall -march=native -I/opt/AMDAPPSDK-3.0/include  conftest.c >&5
configure:4974: $? = 0
configure:4974: result: yes
configure:4974: checking for sys/stat.h
configure:4974: gcc -c -Os -Wall -march=native -I/opt/AMDAPPSDK-3.0/include  conftest.c >&5
configure:4974: $? = 0
configure:4974: result: yes
configure:4974: checking for stdlib.h
configure:4974: gcc -c -Os -Wall -march=native -I/opt/AMDAPPSDK-3.0/include  conftest.c >&5
configure:4974: $? = 0
configure:4974: result: yes
configure:4974: checking for string.h
configure:4974: gcc -c -Os -Wall -march=native -I/opt/AMDAPPSDK-3.0/include  conftest.c >&5
configure:4974: $? = 0
configure:4974: result: yes
configure:4974: checking for memory.h
configure:4974: gcc -c -Os -Wall -march=native -I/opt/AMDAPPSDK-3.0/include  conftest.c >&5
configure:4974: $? = 0
configure:4974: result: yes
configure:4974: checking for strings.h
configure:4974: gcc -c -Os -Wall -march=native -I/opt/AMDAPPSDK-3.0/include  conftest.c >&5
configure:4974: $? = 0
configure:4974: result: yes
configure:4974: checking for inttypes.h
configure:4974: gcc -c -Os -Wall -march=native -I/opt/AMDAPPSDK-3.0/include  conftest.c >&5
configure:4974: $? = 0
configure:4974: result: yes
configure:4974: checking for stdint.h
configure:4974: gcc -c -Os -Wall -march=native -I/opt/AMDAPPSDK-3.0/include  conftest.c >&5
configure:4974: $? = 0
configure:4974: result: yes
configure:4974: checking for unistd.h
configure:4974: gcc -c -Os -Wall -march=native -I/opt/AMDAPPSDK-3.0/include  conftest.c >&5
configure:4974: $? = 0
configure:4974: result: yes
configure:4989: checking minix/config.h usability
configure:4989: gcc -c -Os -Wall -march=native -I/opt/AMDAPPSDK-3.0/include  conftest.c >&5
conftest.c:54:26: fatal error: minix/config.h: No such file or directory
compilation terminated.
configure:4989: $? = 1
configure: failed program was:
| /* confdefs.h */
| #define PACKAGE_NAME "sgminer"
| #define PACKAGE_TARNAME "sgminer"
| #define PACKAGE_VERSION "5.3.3"
| #define PACKAGE_STRING "sgminer 5.3.3"
| #define PACKAGE_BUGREPORT "veox@wemakethings.net"
| #define PACKAGE_URL "https://github.com/tpruvot/sgminer"
| #define PACKAGE "sgminer"
| #define VERSION "5.3.3"
| #define STDC_HEADERS 1
| #define HAVE_SYS_TYPES_H 1
| #define HAVE_SYS_STAT_H 1
| #define HAVE_STDLIB_H 1
| #define HAVE_STRING_H 1
| #define HAVE_MEMORY_H 1
| #define HAVE_STRINGS_H 1
| #define HAVE_INTTYPES_H 1
| #define HAVE_STDINT_H 1
| #define HAVE_UNISTD_H 1
| /* end confdefs.h.  */
| #include <stdio.h>
| #ifdef HAVE_SYS_TYPES_H
| # include <sys/types.h>
| #endif
| #ifdef HAVE_SYS_STAT_H
| # include <sys/stat.h>
| #endif
| #ifdef STDC_HEADERS
| # include <stdlib.h>
| # include <stddef.h>
| #else
| # ifdef HAVE_STDLIB_H
| #  include <stdlib.h>
| # endif
| #endif
| #ifdef HAVE_STRING_H
| # if !defined STDC_HEADERS && defined HAVE_MEMORY_H
| #  include <memory.h>
| # endif
| # include <string.h>
| #endif
| #ifdef HAVE_STRINGS_H
| # include <strings.h>
| #endif
| #ifdef HAVE_INTTYPES_H
| # include <inttypes.h>
| #endif
| #ifdef HAVE_STDINT_H
| # include <stdint.h>
| #endif
| #ifdef HAVE_UNISTD_H
| # include <unistd.h>
| #endif
| #include <minix/config.h>
configure:4989: result: no
configure:4989: checking minix/config.h presence
configure:4989: gcc -E  conftest.c
conftest.c:21:26: fatal error: minix/config.h: No such file or directory
compilation terminated.
configure:4989: $? = 1
configure: failed program was:
| /* confdefs.h */
| #define PACKAGE_NAME "sgminer"
| #define PACKAGE_TARNAME "sgminer"
| #define PACKAGE_VERSION "5.3.3"
| #define PACKAGE_STRING "sgminer 5.3.3"
| #define PACKAGE_BUGREPORT "veox@wemakethings.net"
| #define PACKAGE_URL "https://github.com/tpruvot/sgminer"
| #define PACKAGE "sgminer"
| #define VERSION "5.3.3"
| #define STDC_HEADERS 1
| #define HAVE_SYS_TYPES_H 1
| #define HAVE_SYS_STAT_H 1
| #define HAVE_STDLIB_H 1
| #define HAVE_STRING_H 1
| #define HAVE_MEMORY_H 1
| #define HAVE_STRINGS_H 1
| #define HAVE_INTTYPES_H 1
| #define HAVE_STDINT_H 1
| #define HAVE_UNISTD_H 1
| /* end confdefs.h.  */
| #include <minix/config.h>
configure:4989: result: no
configure:4989: checking for minix/config.h
configure:4989: result: no
configure:5018: checking whether it is safe to define __EXTENSIONS__
configure:5036: gcc -c -Os -Wall -march=native -I/opt/AMDAPPSDK-3.0/include  conftest.c >&5
configure:5036: $? = 0
configure:5043: result: yes
configure:5095: checking whether to enable maintainer-specific portions of Makefiles
configure:5104: result: no
configure:5166: checking for gcc
configure:5193: result: gcc
configure:5422: checking for C compiler version
configure:5431: gcc --version >&5
gcc (Ubuntu 5.4.0-6ubuntu1~16.04.5) 5.4.0 20160609
Copyright (C) 2015 Free Software Foundation, Inc.
This is free software; see the source for copying conditions.  There is NO
warranty; not even for MERCHANTABILITY or FITNESS FOR A PARTICULAR PURPOSE.

configure:5442: $? = 0
configure:5431: gcc -v >&5
Using built-in specs.
COLLECT_GCC=gcc
COLLECT_LTO_WRAPPER=/usr/lib/gcc/x86_64-linux-gnu/5/lto-wrapper
Target: x86_64-linux-gnu
Configured with: ../src/configure -v --with-pkgversion='Ubuntu 5.4.0-6ubuntu1~16.04.5' --with-bugurl=file:///usr/share/doc/gcc-5/README.Bugs --enable-languages=c,ada,c++,java,go,d,fortran,objc,obj-c++ --prefix=/usr --program-suffix=-5 --enable-shared --enable-linker-build-id --libexecdir=/usr/lib --without-included-gettext --enable-threads=posix --libdir=/usr/lib --enable-nls --with-sysroot=/ --enable-clocale=gnu --enable-libstdcxx-debug --enable-libstdcxx-time=yes --with-default-libstdcxx-abi=new --enable-gnu-unique-object --disable-vtable-verify --enable-libmpx --enable-plugin --with-system-zlib --disable-browser-plugin --enable-java-awt=gtk --enable-gtk-cairo --with-java-home=/usr/lib/jvm/java-1.5.0-gcj-5-amd64/jre --enable-java-home --with-jvm-root-dir=/usr/lib/jvm/java-1.5.0-gcj-5-amd64 --with-jvm-jar-dir=/usr/lib/jvm-exports/java-1.5.0-gcj-5-amd64 --with-arch-directory=amd64 --with-ecj-jar=/usr/share/java/eclipse-ecj.jar --enable-objc-gc --enable-multiarch --disable-werror --with-arch-32=i686 --with-abi=m64 --with-multilib-list=m32,m64,mx32 --enable-multilib --with-tune=generic --enable-checking=release --build=x86_64-linux-gnu --host=x86_64-linux-gnu --target=x86_64-linux-gnu
Thread model: posix
gcc version 5.4.0 20160609 (Ubuntu 5.4.0-6ubuntu1~16.04.5) 
configure:5442: $? = 0
configure:5431: gcc -V >&5
gcc: error: unrecognized command line option '-V'
gcc: fatal error: no input files
compilation terminated.
configure:5442: $? = 1
configure:5431: gcc -qversion >&5
gcc: error: unrecognized command line option '-qversion'
gcc: fatal error: no input files
compilation terminated.
configure:5442: $? = 1
configure:5446: checking whether we are using the GNU C compiler
configure:5474: result: yes
configure:5483: checking whether gcc accepts -g
configure:5544: result: yes
configure:5561: checking for gcc option to accept ISO C89
configure:5637: result: none needed
configure:5662: checking whether gcc understands -c and -o together
configure:5699: result: yes
configure:5718: checking dependency style of gcc
configure:5829: result: gcc3
configure:5887: checking for ranlib
configure:5903: found /usr/bin/ranlib
configure:5914: result: ranlib
configure:5962: checking whether gcc needs -traditional
configure:5996: result: no
configure:6050: checking how to print strings
configure:6077: result: printf
configure:6098: checking for a sed that does not truncate output
configure:6162: result: /bin/sed
configure:6180: checking for fgrep
configure:6242: result: /bin/grep -F
configure:6277: checking for ld used by gcc
configure:6344: result: /usr/bin/ld
configure:6351: checking if the linker (/usr/bin/ld) is GNU ld
configure:6366: result: yes
configure:6378: checking for BSD- or MS-compatible name lister (nm)
configure:6432: result: /usr/bin/nm -B
configure:6562: checking the name lister (/usr/bin/nm -B) interface
configure:6569: gcc -c -Os -Wall -march=native -I/opt/AMDAPPSDK-3.0/include  conftest.c >&5
configure:6572: /usr/bin/nm -B "conftest.o"
configure:6575: output
0000000000000000 B some_variable
configure:6582: result: BSD nm
configure:6585: checking whether ln -s works
configure:6589: result: yes
configure:6597: checking the maximum length of command line arguments
configure:6728: result: 1572864
configure:6776: checking how to convert x86_64-pc-linux-gnu file names to x86_64-pc-linux-gnu format
configure:6816: result: func_convert_file_noop
configure:6823: checking how to convert x86_64-pc-linux-gnu file names to toolchain format
configure:6843: result: func_convert_file_noop
configure:6850: checking for /usr/bin/ld option to reload object files
configure:6857: result: -r
configure:6931: checking for objdump
configure:6947: found /usr/bin/objdump
configure:6958: result: objdump
configure:6990: checking how to recognize dependent libraries
configure:7190: result: pass_all
configure:7275: checking for dlltool
configure:7305: result: no
configure:7335: checking how to associate runtime and link libraries
configure:7362: result: printf %s\n
configure:7422: checking for ar
configure:7438: found /usr/bin/ar
configure:7449: result: ar
configure:7486: checking for archiver @FILE support
configure:7503: gcc -c -Os -Wall -march=native -I/opt/AMDAPPSDK-3.0/include  conftest.c >&5
configure:7503: $? = 0
configure:7506: ar cru libconftest.a @conftest.lst >&5
ar: `u' modifier ignored since `D' is the default (see `U')
configure:7509: $? = 0
configure:7514: ar cru libconftest.a @conftest.lst >&5
ar: `u' modifier ignored since `D' is the default (see `U')
ar: conftest.o: No such file or directory
configure:7517: $? = 1
configure:7529: result: @
configure:7587: checking for strip
configure:7603: found /usr/bin/strip
configure:7614: result: strip
configure:7686: checking for ranlib
configure:7713: result: ranlib
configure:7815: checking command to parse /usr/bin/nm -B output from gcc object
configure:7968: gcc -c -Os -Wall -march=native -I/opt/AMDAPPSDK-3.0/include  conftest.c >&5
configure:7971: $? = 0
configure:7975: /usr/bin/nm -B conftest.o \| sed -n -e 's/^.*[ ]\([ABCDGIRSTW][ABCDGIRSTW]*\)[ ][ ]*\([_A-Za-z][_A-Za-z0-9]*\)$/\1 \2 \2/p' | sed '/ __gnu_lto/d' \> conftest.nm
configure:7978: $? = 0
configure:8044: gcc -o conftest -Os -Wall -march=native -I/opt/AMDAPPSDK-3.0/include  -L/opt/amdgpu-pro/lib/x86_64-linux-gnu conftest.c conftstm.o >&5
configure:8047: $? = 0
configure:8085: result: ok
configure:8132: checking for sysroot
configure:8162: result: no
configure:8169: checking for a working dd
configure:8207: result: /bin/dd
configure:8211: checking how to truncate binary pipes
configure:8226: result: /bin/dd bs=4096 count=1
configure:8362: gcc -c -Os -Wall -march=native -I/opt/AMDAPPSDK-3.0/include  conftest.c >&5
configure:8365: $? = 0
configure:8555: checking for mt
configure:8571: found /bin/mt
configure:8582: result: mt
configure:8605: checking if mt is a manifest tool
configure:8611: mt '-?'
configure:8619: result: no
configure:9293: checking for dlfcn.h
configure:9293: gcc -c -Os -Wall -march=native -I/opt/AMDAPPSDK-3.0/include  conftest.c >&5
configure:9293: $? = 0
configure:9293: result: yes
configure:9548: checking for objdir
configure:9563: result: .libs
configure:9827: checking if gcc supports -fno-rtti -fno-exceptions
configure:9845: gcc -c -Os -Wall -march=native -I/opt/AMDAPPSDK-3.0/include  -fno-rtti -fno-exceptions conftest.c >&5
cc1: warning: command line option '-fno-rtti' is valid for C++/ObjC++ but not for C
configure:9849: $? = 0
configure:9862: result: no
configure:10220: checking for gcc option to produce PIC
configure:10227: result: -fPIC -DPIC
configure:10235: checking if gcc PIC flag -fPIC -DPIC works
configure:10253: gcc -c -Os -Wall -march=native -I/opt/AMDAPPSDK-3.0/include  -fPIC -DPIC -DPIC conftest.c >&5
configure:10257: $? = 0
configure:10270: result: yes
configure:10299: checking if gcc static flag -static works
configure:10327: result: yes
configure:10342: checking if gcc supports -c -o file.o
configure:10363: gcc -c -Os -Wall -march=native -I/opt/AMDAPPSDK-3.0/include  -o out/conftest2.o conftest.c >&5
configure:10367: $? = 0
configure:10389: result: yes
configure:10397: checking if gcc supports -c -o file.o
configure:10444: result: yes
configure:10477: checking whether the gcc linker (/usr/bin/ld -m elf_x86_64) supports shared libraries
configure:11740: result: yes
configure:11980: checking dynamic linker characteristics
configure:12561: gcc -o conftest -Os -Wall -march=native -I/opt/AMDAPPSDK-3.0/include  -L/opt/amdgpu-pro/lib/x86_64-linux-gnu -Wl,-rpath -Wl,/foo conftest.c  >&5
configure:12561: $? = 0
configure:12810: result: GNU/Linux ld.so
configure:12932: checking how to hardcode library paths into programs
configure:12957: result: immediate
configure:13505: checking whether stripping libraries is possible
configure:13510: result: yes
configure:13545: checking if libtool supports shared libraries
configure:13547: result: yes
configure:13550: checking whether to build shared libraries
configure:13575: result: no
configure:13578: checking whether to build static libraries
configure:13582: result: yes
configure:13634: checking sys/mman.h usability
configure:13634: gcc -c -Os -Wall -march=native -I/opt/AMDAPPSDK-3.0/include  conftest.c >&5
configure:13634: $? = 0
configure:13634: result: yes
configure:13634: checking sys/mman.h presence
configure:13634: gcc -E  conftest.c
configure:13634: $? = 0
configure:13634: result: yes
configure:13634: checking for sys/mman.h
configure:13634: result: yes
configure:13634: checking wchar.h usability
configure:13634: gcc -c -Os -Wall -march=native -I/opt/AMDAPPSDK-3.0/include  conftest.c >&5
configure:13634: $? = 0
configure:13634: result: yes
configure:13634: checking wchar.h presence
configure:13634: gcc -E  conftest.c
configure:13634: $? = 0
configure:13634: result: yes
configure:13634: checking for wchar.h
configure:13634: result: yes
configure:13634: checking for stdint.h
configure:13634: result: yes
configure:13655: checking for mprotect
configure:13655: gcc -o conftest -Os -Wall -march=native -I/opt/AMDAPPSDK-3.0/include  -L/opt/amdgpu-pro/lib/x86_64-linux-gnu conftest.c  >&5
configure:13655: $? = 0
configure:13655: result: yes
configure:13655: checking for sigaction
configure:13655: gcc -o conftest -Os -Wall -march=native -I/opt/AMDAPPSDK-3.0/include  -L/opt/amdgpu-pro/lib/x86_64-linux-gnu conftest.c  >&5
configure:13655: $? = 0
configure:13655: result: yes
configure:13655: checking for sigaltstack
configure:13655: gcc -o conftest -Os -Wall -march=native -I/opt/AMDAPPSDK-3.0/include  -L/opt/amdgpu-pro/lib/x86_64-linux-gnu conftest.c  >&5
configure:13655: $? = 0
configure:13655: result: yes
configure:13655: checking for siginterrupt
configure:13655: gcc -o conftest -Os -Wall -march=native -I/opt/AMDAPPSDK-3.0/include  -L/opt/amdgpu-pro/lib/x86_64-linux-gnu conftest.c  >&5
configure:13655: $? = 0
configure:13655: result: yes
configure:13746: checking for mmap
configure:13746: gcc -o conftest -Os -Wall -march=native -I/opt/AMDAPPSDK-3.0/include  -L/opt/amdgpu-pro/lib/x86_64-linux-gnu conftest.c  >&5
configure:13746: $? = 0
configure:13746: result: yes
configure:13757: checking for MAP_ANONYMOUS
configure:13794: result: yes
configure:13828: checking whether memchr works
configure:13891: gcc -o conftest -Os -Wall -march=native -I/opt/AMDAPPSDK-3.0/include  -L/opt/amdgpu-pro/lib/x86_64-linux-gnu conftest.c  >&5
configure:13891: $? = 0
configure:13891: ./conftest
configure:13891: $? = 0
configure:13901: result: yes
configure:13909: checking whether memmem is declared
configure:13909: gcc -c -Os -Wall -march=native -I/opt/AMDAPPSDK-3.0/include  conftest.c >&5
configure:13909: $? = 0
configure:13909: result: yes
configure:13927: checking for memmem
configure:13927: gcc -o conftest -Os -Wall -march=native -I/opt/AMDAPPSDK-3.0/include  -L/opt/amdgpu-pro/lib/x86_64-linux-gnu conftest.c  >&5
configure:13927: $? = 0
configure:13927: result: yes
configure:13951: checking whether memmem works
configure:14015: gcc -o conftest -Os -Wall -march=native -I/opt/AMDAPPSDK-3.0/include  -L/opt/amdgpu-pro/lib/x86_64-linux-gnu conftest.c  >&5
conftest.c: In function 'main':
conftest.c:58:7: warning: null argument where non-null required (argument 3) [-Wnonnull]
       if (memmem (haystack, 3, NULL, 0) != haystack)
       ^
configure:14015: $? = 0
configure:14015: ./conftest
configure:14015: $? = 0
configure:14026: result: yes
configure:14044: gcc -c -Os -Wall -march=native -I/opt/AMDAPPSDK-3.0/include  conftest.c >&5
conftest.c:43:10: error: unknown type name 'not'
          not a universal capable compiler
          ^
conftest.c:43:16: error: expected '=', ',', ';', 'asm' or '__attribute__' before 'universal'
          not a universal capable compiler
                ^
conftest.c:43:16: error: unknown type name 'universal'
configure:14044: $? = 1
configure: failed program was:
| /* confdefs.h */
| #define PACKAGE_NAME "sgminer"
| #define PACKAGE_TARNAME "sgminer"
| #define PACKAGE_VERSION "5.3.3"
| #define PACKAGE_STRING "sgminer 5.3.3"
| #define PACKAGE_BUGREPORT "veox@wemakethings.net"
| #define PACKAGE_URL "https://github.com/tpruvot/sgminer"
| #define PACKAGE "sgminer"
| #define VERSION "5.3.3"
| #define STDC_HEADERS 1
| #define HAVE_SYS_TYPES_H 1
| #define HAVE_SYS_STAT_H 1
| #define HAVE_STDLIB_H 1
| #define HAVE_STRING_H 1
| #define HAVE_MEMORY_H 1
| #define HAVE_STRINGS_H 1
| #define HAVE_INTTYPES_H 1
| #define HAVE_STDINT_H 1
| #define HAVE_UNISTD_H 1
| #define __EXTENSIONS__ 1
| #define _ALL_SOURCE 1
| #define _GNU_SOURCE 1
| #define _POSIX_PTHREAD_SEMANTICS 1
| #define _TANDEM_SOURCE 1
| #define SGMINER_MAJOR_VERSION 5
| #define SGMINER_MINOR_VERSION 3
| #define SGMINER_MINOR_SUBVERSION 3
| #define SGMINER_REVISON 0
| #define HAVE_DLFCN_H 1
| #define LT_OBJDIR ".libs/"
| #define HAVE_SYS_MMAN_H 1
| #define HAVE_WCHAR_H 1
| #define HAVE_STDINT_H 1
| #define HAVE_MPROTECT 1
| #define HAVE_SIGACTION 1
| #define HAVE_SIGALTSTACK 1
| #define HAVE_SIGINTERRUPT 1
| #define HAVE_MAP_ANONYMOUS 1
| #define HAVE_DECL_MEMMEM 1
| #define HAVE_MEMMEM 1
| /* end confdefs.h.  */
| #ifndef __APPLE_CC__
|          not a universal capable compiler
|         #endif
|         typedef int dummy;
| 
configure:14095: checking for C/C++ restrict keyword
configure:14120: gcc -c -Os -Wall -march=native -I/opt/AMDAPPSDK-3.0/include  conftest.c >&5
configure:14120: $? = 0
configure:14128: result: __restrict
configure:14141: checking for uid_t in sys/types.h
configure:14160: result: yes
configure:14171: checking for inline
configure:14187: gcc -c -Os -Wall -march=native -I/opt/AMDAPPSDK-3.0/include  conftest.c >&5
configure:14187: $? = 0
configure:14195: result: inline
configure:14228: checking whether the preprocessor supports include_next
configure:14266: gcc -c -Os -Wall -march=native -I/opt/AMDAPPSDK-3.0/include  -Iconftestd1b -Iconftestd2 conftest.c >&5
configure:14266: $? = 0
configure:14287: result: yes
configure:14308: checking whether system header files limit the line length
configure:14331: result: no
configure:14345: checking for wchar_t
configure:14362: gcc -c -Os -Wall -march=native -I/opt/AMDAPPSDK-3.0/include  conftest.c >&5
configure:14362: $? = 0
configure:14369: result: yes
configure:14378: checking for unsigned long long int
configure:14417: gcc -o conftest -Os -Wall -march=native -I/opt/AMDAPPSDK-3.0/include  -L/opt/amdgpu-pro/lib/x86_64-linux-gnu conftest.c  >&5
configure:14417: $? = 0
configure:14426: result: yes
configure:14436: checking for long long int
configure:14474: gcc -o conftest -Os -Wall -march=native -I/opt/AMDAPPSDK-3.0/include  -L/opt/amdgpu-pro/lib/x86_64-linux-gnu conftest.c  >&5
configure:14474: $? = 0
configure:14474: ./conftest
configure:14474: $? = 0
configure:14486: result: yes
configure:14623: checking whether stdint.h conforms to C99
configure:14794: gcc -c -Os -Wall -march=native -I/opt/AMDAPPSDK-3.0/include  conftest.c >&5
configure:14794: $? = 0
configure:14876: gcc -o conftest -Os -Wall -march=native -I/opt/AMDAPPSDK-3.0/include  -L/opt/amdgpu-pro/lib/x86_64-linux-gnu conftest.c  >&5
configure:14876: $? = 0
configure:14876: ./conftest
configure:14876: $? = 0
configure:14888: result: yes
configure:15287: checking whether memmem is declared without a macro
configure:15305: gcc -c -Os -Wall -march=native -I/opt/AMDAPPSDK-3.0/include  conftest.c >&5
configure:15305: $? = 0
configure:15313: result: yes
configure:15287: checking whether mempcpy is declared without a macro
configure:15305: gcc -c -Os -Wall -march=native -I/opt/AMDAPPSDK-3.0/include  conftest.c >&5
configure:15305: $? = 0
configure:15313: result: yes
configure:15287: checking whether memrchr is declared without a macro
configure:15305: gcc -c -Os -Wall -march=native -I/opt/AMDAPPSDK-3.0/include  conftest.c >&5
configure:15305: $? = 0
configure:15313: result: yes
configure:15287: checking whether rawmemchr is declared without a macro
configure:15305: gcc -c -Os -Wall -march=native -I/opt/AMDAPPSDK-3.0/include  conftest.c >&5
configure:15305: $? = 0
configure:15313: result: yes
configure:15287: checking whether stpcpy is declared without a macro
configure:15305: gcc -c -Os -Wall -march=native -I/opt/AMDAPPSDK-3.0/include  conftest.c >&5
configure:15305: $? = 0
configure:15313: result: yes
configure:15287: checking whether stpncpy is declared without a macro
configure:15305: gcc -c -Os -Wall -march=native -I/opt/AMDAPPSDK-3.0/include  conftest.c >&5
configure:15305: $? = 0
configure:15313: result: yes
configure:15287: checking whether strchrnul is declared without a macro
configure:15305: gcc -c -Os -Wall -march=native -I/opt/AMDAPPSDK-3.0/include  conftest.c >&5
configure:15305: $? = 0
configure:15313: result: yes
configure:15287: checking whether strdup is declared without a macro
configure:15305: gcc -c -Os -Wall -march=native -I/opt/AMDAPPSDK-3.0/include  conftest.c >&5
configure:15305: $? = 0
configure:15313: result: yes
configure:15287: checking whether strncat is declared without a macro
configure:15305: gcc -c -Os -Wall -march=native -I/opt/AMDAPPSDK-3.0/include  conftest.c >&5
configure:15305: $? = 0
configure:15313: result: yes
configure:15287: checking whether strndup is declared without a macro
configure:15305: gcc -c -Os -Wall -march=native -I/opt/AMDAPPSDK-3.0/include  conftest.c >&5
configure:15305: $? = 0
configure:15313: result: yes
configure:15287: checking whether strnlen is declared without a macro
configure:15305: gcc -c -Os -Wall -march=native -I/opt/AMDAPPSDK-3.0/include  conftest.c >&5
configure:15305: $? = 0
configure:15313: result: yes
configure:15287: checking whether strpbrk is declared without a macro
configure:15305: gcc -c -Os -Wall -march=native -I/opt/AMDAPPSDK-3.0/include  conftest.c >&5
configure:15305: $? = 0
configure:15313: result: yes
configure:15287: checking whether strsep is declared without a macro
configure:15305: gcc -c -Os -Wall -march=native -I/opt/AMDAPPSDK-3.0/include  conftest.c >&5
configure:15305: $? = 0
configure:15313: result: yes
configure:15287: checking whether strcasestr is declared without a macro
configure:15305: gcc -c -Os -Wall -march=native -I/opt/AMDAPPSDK-3.0/include  conftest.c >&5
configure:15305: $? = 0
configure:15313: result: yes
configure:15287: checking whether strtok_r is declared without a macro
configure:15305: gcc -c -Os -Wall -march=native -I/opt/AMDAPPSDK-3.0/include  conftest.c >&5
configure:15305: $? = 0
configure:15313: result: yes
configure:15287: checking whether strerror_r is declared without a macro
configure:15305: gcc -c -Os -Wall -march=native -I/opt/AMDAPPSDK-3.0/include  conftest.c >&5
configure:15305: $? = 0
configure:15313: result: yes
configure:15287: checking whether strsignal is declared without a macro
configure:15305: gcc -c -Os -Wall -march=native -I/opt/AMDAPPSDK-3.0/include  conftest.c >&5
configure:15305: $? = 0
configure:15313: result: yes
configure:15287: checking whether strverscmp is declared without a macro
configure:15305: gcc -c -Os -Wall -march=native -I/opt/AMDAPPSDK-3.0/include  conftest.c >&5
configure:15305: $? = 0
configure:15313: result: yes
configure:15393: checking whether memmem works in linear time
configure:15464: gcc -o conftest -Os -Wall -march=native -I/opt/AMDAPPSDK-3.0/include  -L/opt/amdgpu-pro/lib/x86_64-linux-gnu conftest.c  >&5
configure:15464: $? = 0
configure:15464: ./conftest
configure:15464: $? = 0
configure:15475: result: yes
configure:15500: checking for memmem
configure:15500: result: yes
configure:15524: checking whether memmem works
configure:15599: result: yes
configure:15645: checking for struct sigaction.sa_sigaction
configure:15645: gcc -c -Os -Wall -march=native -I/opt/AMDAPPSDK-3.0/include  conftest.c >&5
configure:15645: $? = 0
configure:15645: result: yes
configure:15780: checking for volatile sig_atomic_t
configure:15780: gcc -c -Os -Wall -march=native -I/opt/AMDAPPSDK-3.0/include  conftest.c >&5
configure:15780: $? = 0
configure:15780: gcc -c -Os -Wall -march=native -I/opt/AMDAPPSDK-3.0/include  conftest.c >&5
conftest.c: In function 'main':
conftest.c:76:36: error: expected expression before ')' token
 if (sizeof ((volatile sig_atomic_t)))
                                    ^
configure:15780: $? = 1
configure: failed program was:
| /* confdefs.h */
| #define PACKAGE_NAME "sgminer"
| #define PACKAGE_TARNAME "sgminer"
| #define PACKAGE_VERSION "5.3.3"
| #define PACKAGE_STRING "sgminer 5.3.3"
| #define PACKAGE_BUGREPORT "veox@wemakethings.net"
| #define PACKAGE_URL "https://github.com/tpruvot/sgminer"
| #define PACKAGE "sgminer"
| #define VERSION "5.3.3"
| #define STDC_HEADERS 1
| #define HAVE_SYS_TYPES_H 1
| #define HAVE_SYS_STAT_H 1
| #define HAVE_STDLIB_H 1
| #define HAVE_STRING_H 1
| #define HAVE_MEMORY_H 1
| #define HAVE_STRINGS_H 1
| #define HAVE_INTTYPES_H 1
| #define HAVE_STDINT_H 1
| #define HAVE_UNISTD_H 1
| #define __EXTENSIONS__ 1
| #define _ALL_SOURCE 1
| #define _GNU_SOURCE 1
| #define _POSIX_PTHREAD_SEMANTICS 1
| #define _TANDEM_SOURCE 1
| #define SGMINER_MAJOR_VERSION 5
| #define SGMINER_MINOR_VERSION 3
| #define SGMINER_MINOR_SUBVERSION 3
| #define SGMINER_REVISON 0
| #define HAVE_DLFCN_H 1
| #define LT_OBJDIR ".libs/"
| #define HAVE_SYS_MMAN_H 1
| #define HAVE_WCHAR_H 1
| #define HAVE_STDINT_H 1
| #define HAVE_MPROTECT 1
| #define HAVE_SIGACTION 1
| #define HAVE_SIGALTSTACK 1
| #define HAVE_SIGINTERRUPT 1
| #define HAVE_MAP_ANONYMOUS 1
| #define HAVE_DECL_MEMMEM 1
| #define HAVE_MEMMEM 1
| #define restrict __restrict
| #define HAVE_WCHAR_T 1
| #define HAVE_UNSIGNED_LONG_LONG_INT 1
| #define HAVE_LONG_LONG_INT 1
| #define HAVE_RAW_DECL_MEMMEM 1
| #define HAVE_RAW_DECL_MEMPCPY 1
| #define HAVE_RAW_DECL_MEMRCHR 1
| #define HAVE_RAW_DECL_RAWMEMCHR 1
| #define HAVE_RAW_DECL_STPCPY 1
| #define HAVE_RAW_DECL_STPNCPY 1
| #define HAVE_RAW_DECL_STRCHRNUL 1
| #define HAVE_RAW_DECL_STRDUP 1
| #define HAVE_RAW_DECL_STRNCAT 1
| #define HAVE_RAW_DECL_STRNDUP 1
| #define HAVE_RAW_DECL_STRNLEN 1
| #define HAVE_RAW_DECL_STRPBRK 1
| #define HAVE_RAW_DECL_STRSEP 1
| #define HAVE_RAW_DECL_STRCASESTR 1
| #define HAVE_RAW_DECL_STRTOK_R 1
| #define HAVE_RAW_DECL_STRERROR_R 1
| #define HAVE_RAW_DECL_STRSIGNAL 1
| #define HAVE_RAW_DECL_STRVERSCMP 1
| #define GNULIB_TEST_MEMCHR 1
| #define HAVE_MEMMEM 1
| #define GNULIB_TEST_MEMMEM 1
| #define HAVE_STRUCT_SIGACTION_SA_SIGACTION 1
| #define GNULIB_TEST_SIGACTION 1
| /* end confdefs.h.  */
| 
| #include <signal.h>
| 
| 
| int
| main ()
| {
| if (sizeof ((volatile sig_atomic_t)))
| 	    return 0;
|   ;
|   return 0;
| }
configure:15780: result: yes
configure:15794: checking for sighandler_t
configure:15794: gcc -c -Os -Wall -march=native -I/opt/AMDAPPSDK-3.0/include  conftest.c >&5
configure:15794: $? = 0
configure:15794: gcc -c -Os -Wall -march=native -I/opt/AMDAPPSDK-3.0/include  conftest.c >&5
conftest.c: In function 'main':
conftest.c:76:27: error: expected expression before ')' token
 if (sizeof ((sighandler_t)))
                           ^
configure:15794: $? = 1
configure: failed program was:
| /* confdefs.h */
| #define PACKAGE_NAME "sgminer"
| #define PACKAGE_TARNAME "sgminer"
| #define PACKAGE_VERSION "5.3.3"
| #define PACKAGE_STRING "sgminer 5.3.3"
| #define PACKAGE_BUGREPORT "veox@wemakethings.net"
| #define PACKAGE_URL "https://github.com/tpruvot/sgminer"
| #define PACKAGE "sgminer"
| #define VERSION "5.3.3"
| #define STDC_HEADERS 1
| #define HAVE_SYS_TYPES_H 1
| #define HAVE_SYS_STAT_H 1
| #define HAVE_STDLIB_H 1
| #define HAVE_STRING_H 1
| #define HAVE_MEMORY_H 1
| #define HAVE_STRINGS_H 1
| #define HAVE_INTTYPES_H 1
| #define HAVE_STDINT_H 1
| #define HAVE_UNISTD_H 1
| #define __EXTENSIONS__ 1
| #define _ALL_SOURCE 1
| #define _GNU_SOURCE 1
| #define _POSIX_PTHREAD_SEMANTICS 1
| #define _TANDEM_SOURCE 1
| #define SGMINER_MAJOR_VERSION 5
| #define SGMINER_MINOR_VERSION 3
| #define SGMINER_MINOR_SUBVERSION 3
| #define SGMINER_REVISON 0
| #define HAVE_DLFCN_H 1
| #define LT_OBJDIR ".libs/"
| #define HAVE_SYS_MMAN_H 1
| #define HAVE_WCHAR_H 1
| #define HAVE_STDINT_H 1
| #define HAVE_MPROTECT 1
| #define HAVE_SIGACTION 1
| #define HAVE_SIGALTSTACK 1
| #define HAVE_SIGINTERRUPT 1
| #define HAVE_MAP_ANONYMOUS 1
| #define HAVE_DECL_MEMMEM 1
| #define HAVE_MEMMEM 1
| #define restrict __restrict
| #define HAVE_WCHAR_T 1
| #define HAVE_UNSIGNED_LONG_LONG_INT 1
| #define HAVE_LONG_LONG_INT 1
| #define HAVE_RAW_DECL_MEMMEM 1
| #define HAVE_RAW_DECL_MEMPCPY 1
| #define HAVE_RAW_DECL_MEMRCHR 1
| #define HAVE_RAW_DECL_RAWMEMCHR 1
| #define HAVE_RAW_DECL_STPCPY 1
| #define HAVE_RAW_DECL_STPNCPY 1
| #define HAVE_RAW_DECL_STRCHRNUL 1
| #define HAVE_RAW_DECL_STRDUP 1
| #define HAVE_RAW_DECL_STRNCAT 1
| #define HAVE_RAW_DECL_STRNDUP 1
| #define HAVE_RAW_DECL_STRNLEN 1
| #define HAVE_RAW_DECL_STRPBRK 1
| #define HAVE_RAW_DECL_STRSEP 1
| #define HAVE_RAW_DECL_STRCASESTR 1
| #define HAVE_RAW_DECL_STRTOK_R 1
| #define HAVE_RAW_DECL_STRERROR_R 1
| #define HAVE_RAW_DECL_STRSIGNAL 1
| #define HAVE_RAW_DECL_STRVERSCMP 1
| #define GNULIB_TEST_MEMCHR 1
| #define HAVE_MEMMEM 1
| #define GNULIB_TEST_MEMMEM 1
| #define HAVE_STRUCT_SIGACTION_SA_SIGACTION 1
| #define GNULIB_TEST_SIGACTION 1
| /* end confdefs.h.  */
| 
| #include <signal.h>
| 
| 
| int
| main ()
| {
| if (sizeof ((sighandler_t)))
| 	    return 0;
|   ;
|   return 0;
| }
configure:15794: result: yes
configure:15808: checking whether sigaction is declared without a macro
configure:15826: gcc -c -Os -Wall -march=native -I/opt/AMDAPPSDK-3.0/include  conftest.c >&5
configure:15826: $? = 0
configure:15834: result: yes
configure:15808: checking whether sigaddset is declared without a macro
configure:15826: gcc -c -Os -Wall -march=native -I/opt/AMDAPPSDK-3.0/include  conftest.c >&5
configure:15826: $? = 0
configure:15834: result: yes
configure:15808: checking whether sigdelset is declared without a macro
configure:15826: gcc -c -Os -Wall -march=native -I/opt/AMDAPPSDK-3.0/include  conftest.c >&5
configure:15826: $? = 0
configure:15834: result: yes
configure:15808: checking whether sigemptyset is declared without a macro
configure:15826: gcc -c -Os -Wall -march=native -I/opt/AMDAPPSDK-3.0/include  conftest.c >&5
configure:15826: $? = 0
configure:15834: result: yes
configure:15808: checking whether sigfillset is declared without a macro
configure:15826: gcc -c -Os -Wall -march=native -I/opt/AMDAPPSDK-3.0/include  conftest.c >&5
configure:15826: $? = 0
configure:15834: result: yes
configure:15808: checking whether sigismember is declared without a macro
configure:15826: gcc -c -Os -Wall -march=native -I/opt/AMDAPPSDK-3.0/include  conftest.c >&5
configure:15826: $? = 0
configure:15834: result: yes
configure:15808: checking whether sigpending is declared without a macro
configure:15826: gcc -c -Os -Wall -march=native -I/opt/AMDAPPSDK-3.0/include  conftest.c >&5
configure:15826: $? = 0
configure:15834: result: yes
configure:15808: checking whether sigprocmask is declared without a macro
configure:15826: gcc -c -Os -Wall -march=native -I/opt/AMDAPPSDK-3.0/include  conftest.c >&5
configure:15826: $? = 0
configure:15834: result: yes
configure:15863: checking for sigprocmask
configure:15863: gcc -o conftest -Os -Wall -march=native -I/opt/AMDAPPSDK-3.0/include  -L/opt/amdgpu-pro/lib/x86_64-linux-gnu conftest.c  >&5
configure:15863: $? = 0
configure:15863: result: yes
configure:15930: checking whether NULL can be used in arbitrary expressions
configure:15948: gcc -c -Os -Wall -march=native -I/opt/AMDAPPSDK-3.0/include  conftest.c >&5
configure:15948: $? = 0
configure:15955: result: yes
configure:16070: checking for ANSI C header files
configure:16174: result: yes
configure:16184: checking syslog.h usability
configure:16184: gcc -c -Os -Wall -march=native -I/opt/AMDAPPSDK-3.0/include  conftest.c >&5
configure:16184: $? = 0
configure:16184: result: yes
configure:16184: checking syslog.h presence
configure:16184: gcc -E  conftest.c
configure:16184: $? = 0
configure:16184: result: yes
configure:16184: checking for syslog.h
configure:16184: result: yes
configure:16195: checking for size_t
configure:16195: gcc -c -Os -Wall -march=native -I/opt/AMDAPPSDK-3.0/include  conftest.c >&5
configure:16195: $? = 0
configure:16195: gcc -c -Os -Wall -march=native -I/opt/AMDAPPSDK-3.0/include  conftest.c >&5
conftest.c: In function 'main':
conftest.c:116:21: error: expected expression before ')' token
 if (sizeof ((size_t)))
                     ^
configure:16195: $? = 1
configure: failed program was:
| /* confdefs.h */
| #define PACKAGE_NAME "sgminer"
| #define PACKAGE_TARNAME "sgminer"
| #define PACKAGE_VERSION "5.3.3"
| #define PACKAGE_STRING "sgminer 5.3.3"
| #define PACKAGE_BUGREPORT "veox@wemakethings.net"
| #define PACKAGE_URL "https://github.com/tpruvot/sgminer"
| #define PACKAGE "sgminer"
| #define VERSION "5.3.3"
| #define STDC_HEADERS 1
| #define HAVE_SYS_TYPES_H 1
| #define HAVE_SYS_STAT_H 1
| #define HAVE_STDLIB_H 1
| #define HAVE_STRING_H 1
| #define HAVE_MEMORY_H 1
| #define HAVE_STRINGS_H 1
| #define HAVE_INTTYPES_H 1
| #define HAVE_STDINT_H 1
| #define HAVE_UNISTD_H 1
| #define __EXTENSIONS__ 1
| #define _ALL_SOURCE 1
| #define _GNU_SOURCE 1
| #define _POSIX_PTHREAD_SEMANTICS 1
| #define _TANDEM_SOURCE 1
| #define SGMINER_MAJOR_VERSION 5
| #define SGMINER_MINOR_VERSION 3
| #define SGMINER_MINOR_SUBVERSION 3
| #define SGMINER_REVISON 0
| #define HAVE_DLFCN_H 1
| #define LT_OBJDIR ".libs/"
| #define HAVE_SYS_MMAN_H 1
| #define HAVE_WCHAR_H 1
| #define HAVE_STDINT_H 1
| #define HAVE_MPROTECT 1
| #define HAVE_SIGACTION 1
| #define HAVE_SIGALTSTACK 1
| #define HAVE_SIGINTERRUPT 1
| #define HAVE_MAP_ANONYMOUS 1
| #define HAVE_DECL_MEMMEM 1
| #define HAVE_MEMMEM 1
| #define restrict __restrict
| #define HAVE_WCHAR_T 1
| #define HAVE_UNSIGNED_LONG_LONG_INT 1
| #define HAVE_LONG_LONG_INT 1
| #define HAVE_RAW_DECL_MEMMEM 1
| #define HAVE_RAW_DECL_MEMPCPY 1
| #define HAVE_RAW_DECL_MEMRCHR 1
| #define HAVE_RAW_DECL_RAWMEMCHR 1
| #define HAVE_RAW_DECL_STPCPY 1
| #define HAVE_RAW_DECL_STPNCPY 1
| #define HAVE_RAW_DECL_STRCHRNUL 1
| #define HAVE_RAW_DECL_STRDUP 1
| #define HAVE_RAW_DECL_STRNCAT 1
| #define HAVE_RAW_DECL_STRNDUP 1
| #define HAVE_RAW_DECL_STRNLEN 1
| #define HAVE_RAW_DECL_STRPBRK 1
| #define HAVE_RAW_DECL_STRSEP 1
| #define HAVE_RAW_DECL_STRCASESTR 1
| #define HAVE_RAW_DECL_STRTOK_R 1
| #define HAVE_RAW_DECL_STRERROR_R 1
| #define HAVE_RAW_DECL_STRSIGNAL 1
| #define HAVE_RAW_DECL_STRVERSCMP 1
| #define GNULIB_TEST_MEMCHR 1
| #define HAVE_MEMMEM 1
| #define GNULIB_TEST_MEMMEM 1
| #define HAVE_STRUCT_SIGACTION_SA_SIGACTION 1
| #define GNULIB_TEST_SIGACTION 1
| #define HAVE_RAW_DECL_SIGACTION 1
| #define HAVE_RAW_DECL_SIGADDSET 1
| #define HAVE_RAW_DECL_SIGDELSET 1
| #define HAVE_RAW_DECL_SIGEMPTYSET 1
| #define HAVE_RAW_DECL_SIGFILLSET 1
| #define HAVE_RAW_DECL_SIGISMEMBER 1
| #define HAVE_RAW_DECL_SIGPENDING 1
| #define HAVE_RAW_DECL_SIGPROCMASK 1
| #define GNULIB_TEST_SIGPROCMASK 1
| #define STDC_HEADERS 1
| #define HAVE_SYSLOG_H 1
| /* end confdefs.h.  */
| #include <stdio.h>
| #ifdef HAVE_SYS_TYPES_H
| # include <sys/types.h>
| #endif
| #ifdef HAVE_SYS_STAT_H
| # include <sys/stat.h>
| #endif
| #ifdef STDC_HEADERS
| # include <stdlib.h>
| # include <stddef.h>
| #else
| # ifdef HAVE_STDLIB_H
| #  include <stdlib.h>
| # endif
| #endif
| #ifdef HAVE_STRING_H
| # if !defined STDC_HEADERS && defined HAVE_MEMORY_H
| #  include <memory.h>
| # endif
| # include <string.h>
| #endif
| #ifdef HAVE_STRINGS_H
| # include <strings.h>
| #endif
| #ifdef HAVE_INTTYPES_H
| # include <inttypes.h>
| #endif
| #ifdef HAVE_STDINT_H
| # include <stdint.h>
| #endif
| #ifdef HAVE_UNISTD_H
| # include <unistd.h>
| #endif
| int
| main ()
| {
| if (sizeof ((size_t)))
| 	    return 0;
|   ;
|   return 0;
| }
configure:16195: result: yes
configure:16208: checking for working alloca.h
configure:16225: gcc -o conftest -Os -Wall -march=native -I/opt/AMDAPPSDK-3.0/include  -L/opt/amdgpu-pro/lib/x86_64-linux-gnu conftest.c  >&5
configure:16225: $? = 0
configure:16233: result: yes
configure:16241: checking for alloca
configure:16278: gcc -o conftest -Os -Wall -march=native -I/opt/AMDAPPSDK-3.0/include  -L/opt/amdgpu-pro/lib/x86_64-linux-gnu conftest.c  >&5
configure:16278: $? = 0
configure:16286: result: yes
configure:16468: checking for OpenCL
configure:16491: gcc -o conftest -Os -Wall -march=native -I/opt/AMDAPPSDK-3.0/include   -L/opt/amdgpu-pro/lib/x86_64-linux-gnu conftest.c  -lOpenCL >&5
conftest.c:86:21: fatal error: CL/cl.h: No such file or directory
compilation terminated.
configure:16491: $? = 1
configure: failed program was:
| /* confdefs.h */
| #define PACKAGE_NAME "sgminer"
| #define PACKAGE_TARNAME "sgminer"
| #define PACKAGE_VERSION "5.3.3"
| #define PACKAGE_STRING "sgminer 5.3.3"
| #define PACKAGE_BUGREPORT "veox@wemakethings.net"
| #define PACKAGE_URL "https://github.com/tpruvot/sgminer"
| #define PACKAGE "sgminer"
| #define VERSION "5.3.3"
| #define STDC_HEADERS 1
| #define HAVE_SYS_TYPES_H 1
| #define HAVE_SYS_STAT_H 1
| #define HAVE_STDLIB_H 1
| #define HAVE_STRING_H 1
| #define HAVE_MEMORY_H 1
| #define HAVE_STRINGS_H 1
| #define HAVE_INTTYPES_H 1
| #define HAVE_STDINT_H 1
| #define HAVE_UNISTD_H 1
| #define __EXTENSIONS__ 1
| #define _ALL_SOURCE 1
| #define _GNU_SOURCE 1
| #define _POSIX_PTHREAD_SEMANTICS 1
| #define _TANDEM_SOURCE 1
| #define SGMINER_MAJOR_VERSION 5
| #define SGMINER_MINOR_VERSION 3
| #define SGMINER_MINOR_SUBVERSION 3
| #define SGMINER_REVISON 0
| #define HAVE_DLFCN_H 1
| #define LT_OBJDIR ".libs/"
| #define HAVE_SYS_MMAN_H 1
| #define HAVE_WCHAR_H 1
| #define HAVE_STDINT_H 1
| #define HAVE_MPROTECT 1
| #define HAVE_SIGACTION 1
| #define HAVE_SIGALTSTACK 1
| #define HAVE_SIGINTERRUPT 1
| #define HAVE_MAP_ANONYMOUS 1
| #define HAVE_DECL_MEMMEM 1
| #define HAVE_MEMMEM 1
| #define restrict __restrict
| #define HAVE_WCHAR_T 1
| #define HAVE_UNSIGNED_LONG_LONG_INT 1
| #define HAVE_LONG_LONG_INT 1
| #define HAVE_RAW_DECL_MEMMEM 1
| #define HAVE_RAW_DECL_MEMPCPY 1
| #define HAVE_RAW_DECL_MEMRCHR 1
| #define HAVE_RAW_DECL_RAWMEMCHR 1
| #define HAVE_RAW_DECL_STPCPY 1
| #define HAVE_RAW_DECL_STPNCPY 1
| #define HAVE_RAW_DECL_STRCHRNUL 1
| #define HAVE_RAW_DECL_STRDUP 1
| #define HAVE_RAW_DECL_STRNCAT 1
| #define HAVE_RAW_DECL_STRNDUP 1
| #define HAVE_RAW_DECL_STRNLEN 1
| #define HAVE_RAW_DECL_STRPBRK 1
| #define HAVE_RAW_DECL_STRSEP 1
| #define HAVE_RAW_DECL_STRCASESTR 1
| #define HAVE_RAW_DECL_STRTOK_R 1
| #define HAVE_RAW_DECL_STRERROR_R 1
| #define HAVE_RAW_DECL_STRSIGNAL 1
| #define HAVE_RAW_DECL_STRVERSCMP 1
| #define GNULIB_TEST_MEMCHR 1
| #define HAVE_MEMMEM 1
| #define GNULIB_TEST_MEMMEM 1
| #define HAVE_STRUCT_SIGACTION_SA_SIGACTION 1
| #define GNULIB_TEST_SIGACTION 1
| #define HAVE_RAW_DECL_SIGACTION 1
| #define HAVE_RAW_DECL_SIGADDSET 1
| #define HAVE_RAW_DECL_SIGDELSET 1
| #define HAVE_RAW_DECL_SIGEMPTYSET 1
| #define HAVE_RAW_DECL_SIGFILLSET 1
| #define HAVE_RAW_DECL_SIGISMEMBER 1
| #define HAVE_RAW_DECL_SIGPENDING 1
| #define HAVE_RAW_DECL_SIGPROCMASK 1
| #define GNULIB_TEST_SIGPROCMASK 1
| #define STDC_HEADERS 1
| #define HAVE_SYSLOG_H 1
| #define HAVE_ALLOCA_H 1
| #define HAVE_ALLOCA 1
| /* end confdefs.h.  */
| 
| 		#ifdef __APPLE_CC__
| 		#include <OpenCL/opencl.h>
| 		#else
| 		#include <CL/cl.h>
| 		#endif
| 
| int
| main ()
| {
| return clSetKernelArg(0, 0, 0, 0);
|   ;
|   return 0;
| }
configure:16496: result: no
configure:16561: checking for pthread_create in -lpthread
configure:16586: gcc -o conftest -Os -Wall -march=native -I/opt/AMDAPPSDK-3.0/include  -L/opt/amdgpu-pro/lib/x86_64-linux-gnu conftest.c -lpthread   >&5
configure:16586: $? = 0
configure:16595: result: yes
configure:16749: checking for library containing addstr
configure:16780: gcc -o conftest -Os -Wall -march=native -I/opt/AMDAPPSDK-3.0/include  -L/opt/amdgpu-pro/lib/x86_64-linux-gnu conftest.c -lpthread  >&5
/tmp/cc3jIK3v.o: In function `main':
conftest.c:(.text.startup+0x4): undefined reference to `addstr'
collect2: error: ld returned 1 exit status
configure:16780: $? = 1
configure: failed program was:
| /* confdefs.h */
| #define PACKAGE_NAME "sgminer"
| #define PACKAGE_TARNAME "sgminer"
| #define PACKAGE_VERSION "5.3.3"
| #define PACKAGE_STRING "sgminer 5.3.3"
| #define PACKAGE_BUGREPORT "veox@wemakethings.net"
| #define PACKAGE_URL "https://github.com/tpruvot/sgminer"
| #define PACKAGE "sgminer"
| #define VERSION "5.3.3"
| #define STDC_HEADERS 1
| #define HAVE_SYS_TYPES_H 1
| #define HAVE_SYS_STAT_H 1
| #define HAVE_STDLIB_H 1
| #define HAVE_STRING_H 1
| #define HAVE_MEMORY_H 1
| #define HAVE_STRINGS_H 1
| #define HAVE_INTTYPES_H 1
| #define HAVE_STDINT_H 1
| #define HAVE_UNISTD_H 1
| #define __EXTENSIONS__ 1
| #define _ALL_SOURCE 1
| #define _GNU_SOURCE 1
| #define _POSIX_PTHREAD_SEMANTICS 1
| #define _TANDEM_SOURCE 1
| #define SGMINER_MAJOR_VERSION 5
| #define SGMINER_MINOR_VERSION 3
| #define SGMINER_MINOR_SUBVERSION 3
| #define SGMINER_REVISON 0
| #define HAVE_DLFCN_H 1
| #define LT_OBJDIR ".libs/"
| #define HAVE_SYS_MMAN_H 1
| #define HAVE_WCHAR_H 1
| #define HAVE_STDINT_H 1
| #define HAVE_MPROTECT 1
| #define HAVE_SIGACTION 1
| #define HAVE_SIGALTSTACK 1
| #define HAVE_SIGINTERRUPT 1
| #define HAVE_MAP_ANONYMOUS 1
| #define HAVE_DECL_MEMMEM 1
| #define HAVE_MEMMEM 1
| #define restrict __restrict
| #define HAVE_WCHAR_T 1
| #define HAVE_UNSIGNED_LONG_LONG_INT 1
| #define HAVE_LONG_LONG_INT 1
| #define HAVE_RAW_DECL_MEMMEM 1
| #define HAVE_RAW_DECL_MEMPCPY 1
| #define HAVE_RAW_DECL_MEMRCHR 1
| #define HAVE_RAW_DECL_RAWMEMCHR 1
| #define HAVE_RAW_DECL_STPCPY 1
| #define HAVE_RAW_DECL_STPNCPY 1
| #define HAVE_RAW_DECL_STRCHRNUL 1
| #define HAVE_RAW_DECL_STRDUP 1
| #define HAVE_RAW_DECL_STRNCAT 1
| #define HAVE_RAW_DECL_STRNDUP 1
| #define HAVE_RAW_DECL_STRNLEN 1
| #define HAVE_RAW_DECL_STRPBRK 1
| #define HAVE_RAW_DECL_STRSEP 1
| #define HAVE_RAW_DECL_STRCASESTR 1
| #define HAVE_RAW_DECL_STRTOK_R 1
| #define HAVE_RAW_DECL_STRERROR_R 1
| #define HAVE_RAW_DECL_STRSIGNAL 1
| #define HAVE_RAW_DECL_STRVERSCMP 1
| #define GNULIB_TEST_MEMCHR 1
| #define HAVE_MEMMEM 1
| #define GNULIB_TEST_MEMMEM 1
| #define HAVE_STRUCT_SIGACTION_SA_SIGACTION 1
| #define GNULIB_TEST_SIGACTION 1
| #define HAVE_RAW_DECL_SIGACTION 1
| #define HAVE_RAW_DECL_SIGADDSET 1
| #define HAVE_RAW_DECL_SIGDELSET 1
| #define HAVE_RAW_DECL_SIGEMPTYSET 1
| #define HAVE_RAW_DECL_SIGFILLSET 1
| #define HAVE_RAW_DECL_SIGISMEMBER 1
| #define HAVE_RAW_DECL_SIGPENDING 1
| #define HAVE_RAW_DECL_SIGPROCMASK 1
| #define GNULIB_TEST_SIGPROCMASK 1
| #define STDC_HEADERS 1
| #define HAVE_SYSLOG_H 1
| #define HAVE_ALLOCA_H 1
| #define HAVE_ALLOCA 1
| #define HAVE_LIBPTHREAD 1
| #define HAVE_NVML 1
| /* end confdefs.h.  */
| 
| /* Override any GCC internal prototype to avoid an error.
|    Use char because int might match the return type of a GCC
|    builtin and then its argument prototype would still apply.  */
| #ifdef __cplusplus
| extern "C"
| #endif
| char addstr ();
| int
| main ()
| {
| return addstr ();
|   ;
|   return 0;
| }
configure:16780: gcc -o conftest -Os -Wall -march=native -I/opt/AMDAPPSDK-3.0/include  -L/opt/amdgpu-pro/lib/x86_64-linux-gnu conftest.c -lncurses  -lpthread  >&5
configure:16780: $? = 0
configure:16797: result: -lncurses
configure:16909: checking for pkg-config
configure:16927: found /usr/bin/pkg-config
configure:16939: result: /usr/bin/pkg-config
configure:16964: checking pkg-config is at least version 0.9.0
configure:16967: result: yes
configure:16998: checking for LIBCURL
configure:17005: $PKG_CONFIG --exists --print-errors "libcurl >= 7.25.0"
configure:17008: $? = 0
configure:17022: $PKG_CONFIG --exists --print-errors "libcurl >= 7.25.0"
configure:17025: $? = 0
configure:17203: result: yes
configure:17294: checking whether to use git version if available
configure:17365: result: no, disabled by configure
configure:17387: gcc -c -Os -Wall -march=native -I/opt/AMDAPPSDK-3.0/include  conftest.c >&5
configure:17387: $? = 0
configure:17424: gcc -c -Os -Wall -march=native -I/opt/AMDAPPSDK-3.0/include  conftest.c >&5
conftest.c:88:35: warning: 'cleanup' defined but not used [-Wunused-function]
 static void __attribute__((cold)) cleanup(void) { }
                                   ^
configure:17424: $? = 0
configure:17434: gcc -c -Os -Wall -march=native -I/opt/AMDAPPSDK-3.0/include  conftest.c >&5
conftest.c:89:36: warning: 'cleanup' defined but not used [-Wunused-function]
 static void __attribute__((const)) cleanup(void) { }
                                    ^
configure:17434: $? = 0
configure:17444: gcc -c -Os -Wall -march=native -I/opt/AMDAPPSDK-3.0/include  conftest.c >&5
conftest.c: In function 'cleanup':
conftest.c:90:55: warning: implicit declaration of function 'exit' [-Wimplicit-function-declaration]
 static void __attribute__((noreturn)) cleanup(void) { exit(1); }
                                                       ^
conftest.c:90:55: warning: incompatible implicit declaration of built-in function 'exit'
conftest.c:90:55: note: include '<stdlib.h>' or provide a declaration of 'exit'
configure:17444: $? = 0
configure:17454: gcc -c -Os -Wall -march=native -I/opt/AMDAPPSDK-3.0/include  conftest.c >&5
conftest.c:91:55: warning: 'cleanup' defined but not used [-Wunused-function]
 static void __attribute__((format(__printf__, 1, 2))) cleanup(const char *fmt, ...) { }
                                                       ^
configure:17454: $? = 0
configure:17464: gcc -c -Os -Wall -march=native -I/opt/AMDAPPSDK-3.0/include  conftest.c >&5
configure:17464: $? = 0
configure:17474: gcc -c -Os -Wall -march=native -I/opt/AMDAPPSDK-3.0/include  conftest.c >&5
configure:17474: $? = 0
configure:17484: gcc -o conftest -Os -Wall -march=native -I/opt/AMDAPPSDK-3.0/include  -L/opt/amdgpu-pro/lib/x86_64-linux-gnu conftest.c -lncurses -lpthread  >&5
configure:17484: $? = 0
configure:17495: gcc -o conftest -Os -Wall -march=native -I/opt/AMDAPPSDK-3.0/include  -L/opt/amdgpu-pro/lib/x86_64-linux-gnu conftest.c -lncurses -lpthread  >&5
configure:17495: $? = 0
configure:17506: gcc -c -Os -Wall -march=native -I/opt/AMDAPPSDK-3.0/include  conftest.c >&5
conftest.c:96:48: warning: 'func' defined but not used [-Wunused-function]
 static int __attribute__((warn_unused_result)) func(int x) { return x; }
                                                ^
configure:17506: $? = 0
configure:17648: checking that generated files are newer than configure
configure:17654: result: done
configure:17749: creating ./config.status

## ---------------------- ##
## Running config.status. ##
## ---------------------- ##

This file was extended by sgminer config.status 5.3.3, which was
generated by GNU Autoconf 2.69.  Invocation command line was

  CONFIG_FILES    = 
  CONFIG_HEADERS  = 
  CONFIG_LINKS    = 
  CONFIG_COMMANDS = 
  $ ./config.status 

on bh

config.status:1336: creating Makefile
config.status:1336: creating submodules/Makefile
config.status:1336: creating ccan/Makefile
config.status:1336: creating lib/Makefile
config.status:1336: creating sph/Makefile
config.status:1336: creating config.h
config.status:1517: config.h is unchanged
config.status:1565: executing depfiles commands
config.status:1565: executing libtool commands
configure:20070: error: OpenCL not found

## ---------------- ##
## Cache variables. ##
## ---------------- ##

ac_cv_build=x86_64-pc-linux-gnu
ac_cv_c_compiler_gnu=yes
ac_cv_c_inline=inline
ac_cv_c_restrict=__restrict
ac_cv_env_CC_set=
ac_cv_env_CC_value=
ac_cv_env_CFLAGS_set=set
ac_cv_env_CFLAGS_value='-Os -Wall -march=native -I/opt/AMDAPPSDK-3.0/include'
ac_cv_env_CPPFLAGS_set=
ac_cv_env_CPPFLAGS_value=
ac_cv_env_CPP_set=
ac_cv_env_CPP_value=
ac_cv_env_LDFLAGS_set=set
ac_cv_env_LDFLAGS_value=-L/opt/amdgpu-pro/lib/x86_64-linux-gnu
ac_cv_env_LIBCURL_CFLAGS_set=
ac_cv_env_LIBCURL_CFLAGS_value=
ac_cv_env_LIBCURL_LIBS_set=
ac_cv_env_LIBCURL_LIBS_value=
ac_cv_env_LIBS_set=
ac_cv_env_LIBS_value=
ac_cv_env_LT_SYS_LIBRARY_PATH_set=
ac_cv_env_LT_SYS_LIBRARY_PATH_value=
ac_cv_env_PKG_CONFIG_LIBDIR_set=
ac_cv_env_PKG_CONFIG_LIBDIR_value=
ac_cv_env_PKG_CONFIG_PATH_set=
ac_cv_env_PKG_CONFIG_PATH_value=
ac_cv_env_PKG_CONFIG_set=
ac_cv_env_PKG_CONFIG_value=
ac_cv_env_build_alias_set=
ac_cv_env_build_alias_value=
ac_cv_env_host_alias_set=
ac_cv_env_host_alias_value=
ac_cv_env_target_alias_set=
ac_cv_env_target_alias_value=
ac_cv_func_alloca_works=yes
ac_cv_func_memmem=yes
ac_cv_func_mmap=yes
ac_cv_func_mprotect=yes
ac_cv_func_sigaction=yes
ac_cv_func_sigaltstack=yes
ac_cv_func_siginterrupt=yes
ac_cv_func_sigprocmask=yes
ac_cv_have_decl_memmem=yes
ac_cv_have_decl_mempcpy=yes
ac_cv_have_decl_memrchr=yes
ac_cv_have_decl_rawmemchr=yes
ac_cv_have_decl_sigaction=yes
ac_cv_have_decl_sigaddset=yes
ac_cv_have_decl_sigdelset=yes
ac_cv_have_decl_sigemptyset=yes
ac_cv_have_decl_sigfillset=yes
ac_cv_have_decl_sigismember=yes
ac_cv_have_decl_sigpending=yes
ac_cv_have_decl_sigprocmask=yes
ac_cv_have_decl_stpcpy=yes
ac_cv_have_decl_stpncpy=yes
ac_cv_have_decl_strcasestr=yes
ac_cv_have_decl_strchrnul=yes
ac_cv_have_decl_strdup=yes
ac_cv_have_decl_strerror_r=yes
ac_cv_have_decl_strncat=yes
ac_cv_have_decl_strndup=yes
ac_cv_have_decl_strnlen=yes
ac_cv_have_decl_strpbrk=yes
ac_cv_have_decl_strsep=yes
ac_cv_have_decl_strsignal=yes
ac_cv_have_decl_strtok_r=yes
ac_cv_have_decl_strverscmp=yes
ac_cv_header_dlfcn_h=yes
ac_cv_header_inttypes_h=yes
ac_cv_header_memory_h=yes
ac_cv_header_minix_config_h=no
ac_cv_header_stdc=yes
ac_cv_header_stdint_h=yes
ac_cv_header_stdlib_h=yes
ac_cv_header_string_h=yes
ac_cv_header_strings_h=yes
ac_cv_header_sys_mman_h=yes
ac_cv_header_sys_stat_h=yes
ac_cv_header_sys_types_h=yes
ac_cv_header_syslog_h=yes
ac_cv_header_unistd_h=yes
ac_cv_header_wchar_h=yes
ac_cv_host=x86_64-pc-linux-gnu
ac_cv_lib_pthread_pthread_create=yes
ac_cv_member_struct_sigaction_sa_sigaction=yes
ac_cv_objext=o
ac_cv_path_EGREP='/bin/grep -E'
ac_cv_path_FGREP='/bin/grep -F'
ac_cv_path_GREP=/bin/grep
ac_cv_path_SED=/bin/sed
ac_cv_path_ac_pt_PKG_CONFIG=/usr/bin/pkg-config
ac_cv_path_install='/usr/bin/install -c'
ac_cv_path_lt_DD=/bin/dd
ac_cv_path_mkdir=/bin/mkdir
ac_cv_prog_AWK=mawk
ac_cv_prog_CPP='gcc -E'
ac_cv_prog_ac_ct_AR=ar
ac_cv_prog_ac_ct_CC=gcc
ac_cv_prog_ac_ct_MANIFEST_TOOL=mt
ac_cv_prog_ac_ct_OBJDUMP=objdump
ac_cv_prog_ac_ct_RANLIB=ranlib
ac_cv_prog_ac_ct_STRIP=strip
ac_cv_prog_cc_c89=
ac_cv_prog_cc_g=yes
ac_cv_prog_gcc_traditional=no
ac_cv_prog_make_make_set=yes
ac_cv_safe_to_define___extensions__=yes
ac_cv_search_addstr=-lncurses
ac_cv_target=x86_64-pc-linux-gnu
ac_cv_type_long_long_int=yes
ac_cv_type_sighandler_t=yes
ac_cv_type_size_t=yes
ac_cv_type_uid_t=yes
ac_cv_type_unsigned_long_long_int=yes
ac_cv_type_volatile_sig_atomic_t=yes
ac_cv_working_alloca_h=yes
am_cv_CC_dependencies_compiler_type=gcc3
am_cv_make_support_nested_variables=yes
am_cv_prog_cc_c_o=yes
gl_cv_c_multiarch=no
gl_cv_decl_null_works=yes
gl_cv_func_memchr_works=yes
gl_cv_func_memmem_works_always=yes
gl_cv_func_memmem_works_fast=yes
gl_cv_func_sigprocmask=1
gl_cv_have_include_next=yes
gl_cv_have_raw_decl_memmem=yes
gl_cv_have_raw_decl_mempcpy=yes
gl_cv_have_raw_decl_memrchr=yes
gl_cv_have_raw_decl_rawmemchr=yes
gl_cv_have_raw_decl_sigaction=yes
gl_cv_have_raw_decl_sigaddset=yes
gl_cv_have_raw_decl_sigdelset=yes
gl_cv_have_raw_decl_sigemptyset=yes
gl_cv_have_raw_decl_sigfillset=yes
gl_cv_have_raw_decl_sigismember=yes
gl_cv_have_raw_decl_sigpending=yes
gl_cv_have_raw_decl_sigprocmask=yes
gl_cv_have_raw_decl_stpcpy=yes
gl_cv_have_raw_decl_stpncpy=yes
gl_cv_have_raw_decl_strcasestr=yes
gl_cv_have_raw_decl_strchrnul=yes
gl_cv_have_raw_decl_strdup=yes
gl_cv_have_raw_decl_strerror_r=yes
gl_cv_have_raw_decl_strncat=yes
gl_cv_have_raw_decl_strndup=yes
gl_cv_have_raw_decl_strnlen=yes
gl_cv_have_raw_decl_strpbrk=yes
gl_cv_have_raw_decl_strsep=yes
gl_cv_have_raw_decl_strsignal=yes
gl_cv_have_raw_decl_strtok_r=yes
gl_cv_have_raw_decl_strverscmp=yes
gl_cv_header_working_stdint_h=yes
gl_cv_next_signal_h='<signal.h>'
gl_cv_next_stdint_h='<stdint.h>'
gl_cv_next_string_h='<string.h>'
gl_cv_pragma_columns=no
gt_cv_c_wchar_t=yes
lt_cv_ar_at_file=@
lt_cv_deplibs_check_method=pass_all
lt_cv_file_magic_cmd='$MAGIC_CMD'
lt_cv_file_magic_test_file=
lt_cv_ld_reload_flag=-r
lt_cv_nm_interface='BSD nm'
lt_cv_objdir=.libs
lt_cv_path_LD=/usr/bin/ld
lt_cv_path_NM='/usr/bin/nm -B'
lt_cv_path_mainfest_tool=no
lt_cv_prog_compiler_c_o=yes
lt_cv_prog_compiler_pic='-fPIC -DPIC'
lt_cv_prog_compiler_pic_works=yes
lt_cv_prog_compiler_rtti_exceptions=no
lt_cv_prog_compiler_static_works=yes
lt_cv_prog_gnu_ld=yes
lt_cv_sharedlib_from_linklib_cmd='printf %s\n'
lt_cv_shlibpath_overrides_runpath=no
lt_cv_sys_global_symbol_pipe='sed -n -e '\''s/^.*[	 ]\([ABCDGIRSTW][ABCDGIRSTW]*\)[	 ][	 ]*\([_A-Za-z][_A-Za-z0-9]*\)$/\1 \2 \2/p'\'' | sed '\''/ __gnu_lto/d'\'''
lt_cv_sys_global_symbol_to_c_name_address='sed -n -e '\''s/^: \(.*\) .*$/  {"\1", (void *) 0},/p'\'' -e '\''s/^[ABCDGIRSTW][ABCDGIRSTW]* .* \(.*\)$/  {"\1", (void *) \&\1},/p'\'''
lt_cv_sys_global_symbol_to_c_name_address_lib_prefix='sed -n -e '\''s/^: \(.*\) .*$/  {"\1", (void *) 0},/p'\'' -e '\''s/^[ABCDGIRSTW][ABCDGIRSTW]* .* \(lib.*\)$/  {"\1", (void *) \&\1},/p'\'' -e '\''s/^[ABCDGIRSTW][ABCDGIRSTW]* .* \(.*\)$/  {"lib\1", (void *) \&\1},/p'\'''
lt_cv_sys_global_symbol_to_cdecl='sed -n -e '\''s/^T .* \(.*\)$/extern int \1();/p'\'' -e '\''s/^[ABCDGIRSTW][ABCDGIRSTW]* .* \(.*\)$/extern char \1;/p'\'''
lt_cv_sys_global_symbol_to_import=
lt_cv_sys_max_cmd_len=1572864
lt_cv_to_host_file_cmd=func_convert_file_noop
lt_cv_to_tool_file_cmd=func_convert_file_noop
lt_cv_truncate_bin='/bin/dd bs=4096 count=1'
pkg_cv_LIBCURL_CFLAGS=
pkg_cv_LIBCURL_LIBS=-lcurl

## ----------------- ##
## Output variables. ##
## ----------------- ##

ACLOCAL='${SHELL} /home/bh/sgminer-phi1612-Implemented/missing aclocal-1.15'
ADL_CPPFLAGS=''
ALLOCA=''
AMDEPBACKSLASH='\'
AMDEP_FALSE='#'
AMDEP_TRUE=''
AMTAR='$${TAR-tar}'
AM_BACKSLASH='\'
AM_DEFAULT_V='$(AM_DEFAULT_VERBOSITY)'
AM_DEFAULT_VERBOSITY='0'
AM_V='$(V)'
APPLE_UNIVERSAL_BUILD='0'
AR='ar'
AUTOCONF='${SHELL} /home/bh/sgminer-phi1612-Implemented/missing autoconf'
AUTOHEADER='${SHELL} /home/bh/sgminer-phi1612-Implemented/missing autoheader'
AUTOMAKE='${SHELL} /home/bh/sgminer-phi1612-Implemented/missing automake-1.15'
AWK='mawk'
BITSIZEOF_PTRDIFF_T=''
BITSIZEOF_SIG_ATOMIC_T=''
BITSIZEOF_SIZE_T=''
BITSIZEOF_WCHAR_T=''
BITSIZEOF_WINT_T=''
BUILD_NUMBER=''
CC='gcc'
CCDEPMODE='depmode=gcc3'
CFLAGS='-Os -Wall -march=native -I/opt/AMDAPPSDK-3.0/include'
CPP='gcc -E'
CPPFLAGS=''
CYGPATH_W='echo'
DEFS='-DHAVE_CONFIG_H'
DEPDIR='.deps'
DLLTOOL='false'
DLOPEN_FLAGS=''
DSYMUTIL=''
DUMPBIN=''
ECHO_C=''
ECHO_N='-n'
ECHO_T=''
EGREP='/bin/grep -E'
EXEEXT=''
FGREP='/bin/grep -F'
GIT=''
GL_COND_LIBTOOL_FALSE=''
GL_COND_LIBTOOL_TRUE='#'
GL_GENERATE_STDDEF_H_FALSE=''
GL_GENERATE_STDDEF_H_TRUE='#'
GL_GENERATE_STDINT_H_FALSE=''
GL_GENERATE_STDINT_H_TRUE='#'
GNULIB_MBSCASECMP='0'
GNULIB_MBSCASESTR='0'
GNULIB_MBSCHR='0'
GNULIB_MBSCSPN='0'
GNULIB_MBSLEN='0'
GNULIB_MBSNCASECMP='0'
GNULIB_MBSNLEN='0'
GNULIB_MBSPBRK='0'
GNULIB_MBSPCASECMP='0'
GNULIB_MBSRCHR='0'
GNULIB_MBSSEP='0'
GNULIB_MBSSPN='0'
GNULIB_MBSSTR='0'
GNULIB_MBSTOK_R='0'
GNULIB_MEMCHR='1'
GNULIB_MEMMEM='1'
GNULIB_MEMPCPY='0'
GNULIB_MEMRCHR='0'
GNULIB_RAWMEMCHR='0'
GNULIB_SIGACTION='1'
GNULIB_SIGNAL_H_SIGPIPE='0'
GNULIB_SIGPROCMASK='1'
GNULIB_STPCPY='0'
GNULIB_STPNCPY='0'
GNULIB_STRCASESTR='0'
GNULIB_STRCHRNUL='0'
GNULIB_STRDUP='0'
GNULIB_STRERROR='0'
GNULIB_STRERROR_R='0'
GNULIB_STRNCAT='0'
GNULIB_STRNDUP='0'
GNULIB_STRNLEN='0'
GNULIB_STRPBRK='0'
GNULIB_STRSEP='0'
GNULIB_STRSIGNAL='0'
GNULIB_STRSTR='0'
GNULIB_STRTOK_R='0'
GNULIB_STRVERSCMP='0'
GREP='/bin/grep'
HAVE_CURSES_FALSE='#'
HAVE_CURSES_TRUE=''
HAVE_DECL_MEMMEM='1'
HAVE_DECL_MEMRCHR='1'
HAVE_DECL_STRDUP='1'
HAVE_DECL_STRERROR_R='1'
HAVE_DECL_STRNDUP='1'
HAVE_DECL_STRNLEN='1'
HAVE_DECL_STRSIGNAL='1'
HAVE_DECL_STRTOK_R='1'
HAVE_INTTYPES_H='1'
HAVE_LONG_LONG_INT='1'
HAVE_MBSLEN='0'
HAVE_MEMCHR='1'
HAVE_MEMPCPY='1'
HAVE_POSIX_SIGNALBLOCKING='1'
HAVE_RAWMEMCHR='1'
HAVE_SIGACTION='1'
HAVE_SIGHANDLER_T='1'
HAVE_SIGINFO_T='1'
HAVE_SIGNED_SIG_ATOMIC_T=''
HAVE_SIGNED_WCHAR_T=''
HAVE_SIGNED_WINT_T=''
HAVE_SIGSET_T='1'
HAVE_STDINT_H='1'
HAVE_STPCPY='1'
HAVE_STPNCPY='1'
HAVE_STRCASESTR='1'
HAVE_STRCHRNUL='1'
HAVE_STRPBRK='1'
HAVE_STRSEP='1'
HAVE_STRUCT_SIGACTION_SA_SIGACTION='1'
HAVE_STRVERSCMP='1'
HAVE_SYS_BITYPES_H=''
HAVE_SYS_INTTYPES_H=''
HAVE_SYS_TYPES_H='1'
HAVE_TYPE_VOLATILE_SIG_ATOMIC_T='1'
HAVE_UNSIGNED_LONG_LONG_INT='1'
HAVE_WCHAR_H='1'
HAVE_WCHAR_T='1'
HAVE_WINDOWS_FALSE=''
HAVE_WINDOWS_TRUE='#'
HAVE_x86_64_FALSE='#'
HAVE_x86_64_TRUE=''
INCLUDE_NEXT='include_next'
INCLUDE_NEXT_AS_FIRST_DIRECTIVE='include_next'
INSTALL_DATA='${INSTALL} -m 644'
INSTALL_PROGRAM='${INSTALL}'
INSTALL_SCRIPT='${INSTALL}'
INSTALL_STRIP_PROGRAM='$(install_sh) -c -s'
JANSSON_LIBS='submodules/jansson/src/.libs/libjansson.a'
LD='/usr/bin/ld -m elf_x86_64'
LDFLAGS='-L/opt/amdgpu-pro/lib/x86_64-linux-gnu'
LIBCURL_CFLAGS=''
LIBCURL_LIBS='-lcurl'
LIBGNU_LIBDEPS=''
LIBGNU_LTLIBDEPS=''
LIBOBJS=''
LIBS='-lncurses -lpthread '
LIBTOOL='$(SHELL) $(top_builddir)/libtool'
LIPO=''
LN_S='ln -s'
LTLIBOBJS=''
LT_SYS_LIBRARY_PATH=''
MAINT='#'
MAINTAINER_MODE_FALSE=''
MAINTAINER_MODE_TRUE='#'
MAKEINFO='${SHELL} /home/bh/sgminer-phi1612-Implemented/missing makeinfo'
MANIFEST_TOOL=':'
MATH_LIBS='-lm'
MKDIR_P='/bin/mkdir -p'
MM_LIBS=''
NCURSES_LIBS=''
NEXT_AS_FIRST_DIRECTIVE_SIGNAL_H='<signal.h>'
NEXT_AS_FIRST_DIRECTIVE_STDDEF_H=''
NEXT_AS_FIRST_DIRECTIVE_STDINT_H='<stdint.h>'
NEXT_AS_FIRST_DIRECTIVE_STRING_H='<string.h>'
NEXT_SIGNAL_H='<signal.h>'
NEXT_STDDEF_H=''
NEXT_STDINT_H='<stdint.h>'
NEXT_STRING_H='<string.h>'
NM='/usr/bin/nm -B'
NMEDIT=''
OBJDUMP='objdump'
OBJEXT='o'
OPENCL_FLAGS=''
OPENCL_LIBS=''
OTOOL64=''
OTOOL=''
PACKAGE='sgminer'
PACKAGE_BUGREPORT='veox@wemakethings.net'
PACKAGE_NAME='sgminer'
PACKAGE_STRING='sgminer 5.3.3'
PACKAGE_TARNAME='sgminer'
PACKAGE_URL='https://github.com/tpruvot/sgminer'
PACKAGE_VERSION='5.3.3'
PATH_SEPARATOR=':'
PDCURSES_LIBS=''
PKG_CONFIG='/usr/bin/pkg-config'
PKG_CONFIG_LIBDIR=''
PKG_CONFIG_PATH=''
PRAGMA_COLUMNS=''
PRAGMA_SYSTEM_HEADER='#pragma GCC system_header'
PTHREAD_FLAGS='-lpthread'
PTHREAD_LIBS='-lpthread'
PTRDIFF_T_SUFFIX=''
RANLIB='ranlib'
REPLACE_MEMCHR='0'
REPLACE_MEMMEM='0'
REPLACE_NULL='0'
REPLACE_STPNCPY='0'
REPLACE_STRCASESTR='0'
REPLACE_STRCHRNUL='0'
REPLACE_STRDUP='0'
REPLACE_STRERROR='0'
REPLACE_STRERROR_R='0'
REPLACE_STRNCAT='0'
REPLACE_STRNDUP='0'
REPLACE_STRNLEN='0'
REPLACE_STRSIGNAL='0'
REPLACE_STRSTR='0'
REPLACE_STRTOK_R='0'
RT_LIBS='-lrt'
SED='/bin/sed'
SET_MAKE=''
SHELL='/bin/bash'
SIG_ATOMIC_T_SUFFIX=''
SIZE_T_SUFFIX=''
STDDEF_H=''
STDINT_H=''
STRIP='strip'
UNDEFINE_STRTOK_R='0'
USE_BUILD_NUMBER_FALSE=''
USE_BUILD_NUMBER_TRUE='#'
USE_GIT_VERSION_FALSE=''
USE_GIT_VERSION_TRUE='#'
VERSION='5.3.3'
VMAJ='5'
WCHAR_T_SUFFIX=''
WINT_T_SUFFIX=''
WS2_LIBS=''
ac_ct_AR='ar'
ac_ct_CC='gcc'
ac_ct_DUMPBIN=''
am__EXEEXT_FALSE=''
am__EXEEXT_TRUE='#'
am__fastdepCC_FALSE='#'
am__fastdepCC_TRUE=''
am__include='include'
am__isrc=''
am__leading_dot='.'
am__nodep='_no'
am__quote=''
am__tar='$${TAR-tar} chof - "$$tardir"'
am__untar='$${TAR-tar} xf -'
bindir='${exec_prefix}/bin'
build='x86_64-pc-linux-gnu'
build_alias=''
build_cpu='x86_64'
build_os='linux-gnu'
build_vendor='pc'
datadir='${datarootdir}'
datarootdir='${prefix}/share'
docdir='${datarootdir}/doc/${PACKAGE_TARNAME}'
dvidir='${docdir}'
exec_prefix='${prefix}'
gl_LIBOBJS=''
gl_LTLIBOBJS=''
gltests_LIBOBJS=''
gltests_LTLIBOBJS=''
gltests_WITNESS='IN_SGMINER_GNULIB_TESTS'
host='x86_64-pc-linux-gnu'
host_alias=''
host_cpu='x86_64'
host_os='linux-gnu'
host_vendor='pc'
htmldir='${docdir}'
includedir='${prefix}/include'
infodir='${datarootdir}/info'
install_sh='${SHELL} /home/bh/sgminer-phi1612-Implemented/install-sh'
libdir='${exec_prefix}/lib'
libexecdir='${exec_prefix}/libexec'
localedir='${datarootdir}/locale'
localstatedir='${prefix}/var'
mandir='${datarootdir}/man'
mkdir_p='$(MKDIR_P)'
oldincludedir='/usr/include'
pdfdir='${docdir}'
prefix='/opt/sgminer-5.5.5'
program_transform_name='s,x,x,'
psdir='${docdir}'
release_info=''
runstatedir='${localstatedir}/run'
sbindir='${exec_prefix}/sbin'
sharedstatedir='${prefix}/com'
subdirs=' submodules/jansson'
sysconfdir='${prefix}/etc'
target='x86_64-pc-linux-gnu'
target_alias=''
target_cpu='x86_64'
target_os='linux-gnu'
target_vendor='pc'
version_info='8:3:3'

## ----------- ##
## confdefs.h. ##
## ----------- ##

/* confdefs.h */
#define PACKAGE_NAME "sgminer"
#define PACKAGE_TARNAME "sgminer"
#define PACKAGE_VERSION "5.3.3"
#define PACKAGE_STRING "sgminer 5.3.3"
#define PACKAGE_BUGREPORT "veox@wemakethings.net"
#define PACKAGE_URL "https://github.com/tpruvot/sgminer"
#define PACKAGE "sgminer"
#define VERSION "5.3.3"
#define STDC_HEADERS 1
#define HAVE_SYS_TYPES_H 1
#define HAVE_SYS_STAT_H 1
#define HAVE_STDLIB_H 1
#define HAVE_STRING_H 1
#define HAVE_MEMORY_H 1
#define HAVE_STRINGS_H 1
#define HAVE_INTTYPES_H 1
#define HAVE_STDINT_H 1
#define HAVE_UNISTD_H 1
#define __EXTENSIONS__ 1
#define _ALL_SOURCE 1
#define _GNU_SOURCE 1
#define _POSIX_PTHREAD_SEMANTICS 1
#define _TANDEM_SOURCE 1
#define SGMINER_MAJOR_VERSION 5
#define SGMINER_MINOR_VERSION 3
#define SGMINER_MINOR_SUBVERSION 3
#define SGMINER_REVISON 0
#define HAVE_DLFCN_H 1
#define LT_OBJDIR ".libs/"
#define HAVE_SYS_MMAN_H 1
#define HAVE_WCHAR_H 1
#define HAVE_STDINT_H 1
#define HAVE_MPROTECT 1
#define HAVE_SIGACTION 1
#define HAVE_SIGALTSTACK 1
#define HAVE_SIGINTERRUPT 1
#define HAVE_MAP_ANONYMOUS 1
#define HAVE_DECL_MEMMEM 1
#define HAVE_MEMMEM 1
#define restrict __restrict
#define HAVE_WCHAR_T 1
#define HAVE_UNSIGNED_LONG_LONG_INT 1
#define HAVE_LONG_LONG_INT 1
#define HAVE_RAW_DECL_MEMMEM 1
#define HAVE_RAW_DECL_MEMPCPY 1
#define HAVE_RAW_DECL_MEMRCHR 1
#define HAVE_RAW_DECL_RAWMEMCHR 1
#define HAVE_RAW_DECL_STPCPY 1
#define HAVE_RAW_DECL_STPNCPY 1
#define HAVE_RAW_DECL_STRCHRNUL 1
#define HAVE_RAW_DECL_STRDUP 1
#define HAVE_RAW_DECL_STRNCAT 1
#define HAVE_RAW_DECL_STRNDUP 1
#define HAVE_RAW_DECL_STRNLEN 1
#define HAVE_RAW_DECL_STRPBRK 1
#define HAVE_RAW_DECL_STRSEP 1
#define HAVE_RAW_DECL_STRCASESTR 1
#define HAVE_RAW_DECL_STRTOK_R 1
#define HAVE_RAW_DECL_STRERROR_R 1
#define HAVE_RAW_DECL_STRSIGNAL 1
#define HAVE_RAW_DECL_STRVERSCMP 1
#define GNULIB_TEST_MEMCHR 1
#define HAVE_MEMMEM 1
#define GNULIB_TEST_MEMMEM 1
#define HAVE_STRUCT_SIGACTION_SA_SIGACTION 1
#define GNULIB_TEST_SIGACTION 1
#define HAVE_RAW_DECL_SIGACTION 1
#define HAVE_RAW_DECL_SIGADDSET 1
#define HAVE_RAW_DECL_SIGDELSET 1
#define HAVE_RAW_DECL_SIGEMPTYSET 1
#define HAVE_RAW_DECL_SIGFILLSET 1
#define HAVE_RAW_DECL_SIGISMEMBER 1
#define HAVE_RAW_DECL_SIGPENDING 1
#define HAVE_RAW_DECL_SIGPROCMASK 1
#define GNULIB_TEST_SIGPROCMASK 1
#define STDC_HEADERS 1
#define HAVE_SYSLOG_H 1
#define HAVE_ALLOCA_H 1
#define HAVE_ALLOCA 1
#define HAVE_LIBPTHREAD 1
#define HAVE_NVML 1
#define HAVE_CURSES 1
#define CURL_HAS_KEEPALIVE 1
#define HAVE_LIBCURL 1
#define EXECV_2ND_ARG_TYPE char* const*
#define HAVE_ATTRIBUTE_COLD 1
#define HAVE_ATTRIBUTE_CONST 1
#define HAVE_ATTRIBUTE_NORETURN 1
#define HAVE_ATTRIBUTE_PRINTF 1
#define HAVE_ATTRIBUTE_UNUSED 1
#define HAVE_ATTRIBUTE_USED 1
#define HAVE_BUILTIN_CONSTANT_P 1
#define HAVE_BUILTIN_TYPES_COMPATIBLE_P 1
#define HAVE_WARN_UNUSED_RESULT 1
#define SGMINER_PREFIX "/opt/sgminer-5.5.5/bin"

configure: exit 1
